<?xml version="1.0" encoding="UTF-8" standalone="yes"?><!DOCTYPE report PUBLIC "-//JACOCO//DTD Report 1.1//EN" "report.dtd"><report name="sonar-tutorial"><sessioninfo id="Hannahs-Air-3-5d608c15" start="1638757584165" dump="1638757586032"/><sessioninfo id="Hannahs-Air-3-714334d2" start="1638757656939" dump="1638757658762"/><sessioninfo id="Hannahs-Air-3-41bacf58" start="1638757703026" dump="1638757704945"/><sessioninfo id="Hannahs-Air-3-94d35a1b" start="1638757718102" dump="1638757719985"/><sessioninfo id="Hannahs-Air-3-28652ee1" start="1638757784357" dump="1638757786172"/><sessioninfo id="Hannahs-Air-3-a0c7f5d3" start="1638828486478" dump="1638828488758"/><sessioninfo id="Hannahs-Air-3-bcb273bb" start="1638828559907" dump="1638828562025"/><sessioninfo id="Hannahs-Air-3-9736ac28" start="1638833641704" dump="1638833646115"/><sessioninfo id="Hannahs-Air-3-b4fb8c37" start="1638834291874" dump="1638834293567"/><sessioninfo id="Hannahs-Air-3-d29e71e3" start="1638853142798" dump="1638853144671"/><sessioninfo id="Hannahs-Air-3-f26f2af3" start="1638856752110" dump="1638856754831"/><sessioninfo id="Hannahs-Air-3-7f06fadc" start="1638856901518" dump="1638856903770"/><sessioninfo id="Hannahs-Air-3-864f09be" start="1638859043592" dump="1638859045443"/><sessioninfo id="Hannahs-Air-3-25a83e83" start="1638860224613" dump="1638860226490"/><sessioninfo id="Hannahs-Air-3-92008cd0" start="1638861835041" dump="1638861836749"/><package name="edu/byu/cs/sonar"><class name="edu/byu/cs/sonar/CustomFileReader" sourcefilename="CustomFileReader.java"><method name="&lt;init&gt;" desc="(Ljava/lang/String;)V" line="32"><counter type="INSTRUCTION" missed="0" covered="12"/><counter type="LINE" missed="0" covered="5"/><counter type="COMPLEXITY" missed="0" covered="1"/><counter type="METHOD" missed="0" covered="1"/></method><method name="createScanner" desc="()Ljava/util/Scanner;" line="39"><counter type="INSTRUCTION" missed="0" covered="13"/><counter type="LINE" missed="0" covered="1"/><counter type="COMPLEXITY" missed="0" covered="1"/><counter type="METHOD" missed="0" covered="1"/></method><method name="howManyWordsInFile" desc="()I" line="49"><counter type="INSTRUCTION" missed="0" covered="19"/><counter type="BRANCH" missed="0" covered="2"/><counter type="LINE" missed="0" covered="5"/><counter type="COMPLEXITY" missed="0" covered="2"/><counter type="METHOD" missed="0" covered="1"/></method><method name="returnThatWord" desc="(I)Ljava/lang/String;" line="65"><counter type="INSTRUCTION" missed="0" covered="17"/><counter type="BRANCH" missed="0" covered="2"/><counter type="LINE" missed="0" covered="5"/><counter type="COMPLEXITY" missed="0" covered="2"/><counter type="METHOD" missed="0" covered="1"/></method><method name="findNewWord" desc="(Ljava/lang/CharSequence;)V" line="82"><counter type="INSTRUCTION" missed="0" covered="21"/><counter type="BRANCH" missed="0" covered="2"/><counter type="LINE" missed="0" covered="6"/><counter type="COMPLEXITY" missed="0" covered="2"/><counter type="METHOD" missed="0" covered="1"/></method><method name="getNewSentence" desc="()Ljava/lang/String;" line="97"><counter type="INSTRUCTION" missed="0" covered="3"/><counter type="LINE" missed="0" covered="1"/><counter type="COMPLEXITY" missed="0" covered="1"/><counter type="METHOD" missed="0" covered="1"/></method><method name="setNewSentence" desc="(Ljava/lang/String;)V" line="106"><counter type="INSTRUCTION" missed="0" covered="4"/><counter type="LINE" missed="0" covered="2"/><counter type="COMPLEXITY" missed="0" covered="1"/><counter type="METHOD" missed="0" covered="1"/></method><method name="getCount" desc="()I" line="116"><counter type="INSTRUCTION" missed="0" covered="3"/><counter type="LINE" missed="0" covered="1"/><counter type="COMPLEXITY" missed="0" covered="1"/><counter type="METHOD" missed="0" covered="1"/></method><method name="setCount" desc="(I)V" line="125"><counter type="INSTRUCTION" missed="0" covered="4"/><counter type="LINE" missed="0" covered="2"/><counter type="COMPLEXITY" missed="0" covered="1"/><counter type="METHOD" missed="0" covered="1"/></method><method name="getPath" desc="()Ljava/lang/String;" line="134"><counter type="INSTRUCTION" missed="0" covered="3"/><counter type="LINE" missed="0" covered="1"/><counter type="COMPLEXITY" missed="0" covered="1"/><counter type="METHOD" missed="0" covered="1"/></method><method name="hashCode" desc="()I" line="146"><counter type="INSTRUCTION" missed="9" covered="0"/><counter type="LINE" missed="1" covered="0"/><counter type="COMPLEXITY" missed="1" covered="0"/><counter type="METHOD" missed="1" covered="0"/></method><method name="toString" desc="()Ljava/lang/String;" line="158"><counter type="INSTRUCTION" missed="0" covered="6"/><counter type="LINE" missed="0" covered="1"/><counter type="COMPLEXITY" missed="0" covered="1"/><counter type="METHOD" missed="0" covered="1"/></method><method name="equals" desc="(Ljava/lang/Object;)Z" line="171"><counter type="INSTRUCTION" missed="5" covered="33"/><counter type="BRANCH" missed="3" covered="7"/><counter type="LINE" missed="2" covered="8"/><counter type="COMPLEXITY" missed="3" covered="3"/><counter type="METHOD" missed="0" covered="1"/></method><counter type="INSTRUCTION" missed="14" covered="138"/><counter type="BRANCH" missed="3" covered="13"/><counter type="LINE" missed="3" covered="38"/><counter type="COMPLEXITY" missed="4" covered="17"/><counter type="METHOD" missed="1" covered="12"/><counter type="CLASS" missed="0" covered="1"/></class><class name="edu/byu/cs/sonar/Main" sourcefilename="Main.java"><method name="&lt;init&gt;" desc="()V" line="14"><counter type="INSTRUCTION" missed="3" covered="0"/><counter type="LINE" missed="1" covered="0"/><counter type="COMPLEXITY" missed="1" covered="0"/><counter type="METHOD" missed="1" covered="0"/></method><method name="main" desc="([Ljava/lang/String;)V" line="23"><counter type="INSTRUCTION" missed="0" covered="68"/><counter type="BRANCH" missed="0" covered="2"/><counter type="LINE" missed="0" covered="16"/><counter type="COMPLEXITY" missed="0" covered="2"/><counter type="METHOD" missed="0" covered="1"/></method><counter type="INSTRUCTION" missed="3" covered="68"/><counter type="BRANCH" missed="0" covered="2"/><counter type="LINE" missed="1" covered="16"/><counter type="COMPLEXITY" missed="1" covered="2"/><counter type="METHOD" missed="1" covered="1"/><counter type="CLASS" missed="0" covered="1"/></class><sourcefile name="CustomFileReader.java"><line nr="32" mi="0" ci="2" mb="0" cb="0"/><line nr="33" mi="0" ci="3" mb="0" cb="0"/><line nr="34" mi="0" ci="3" mb="0" cb="0"/><line nr="35" mi="0" ci="3" mb="0" cb="0"/><line nr="36" mi="0" ci="1" mb="0" cb="0"/><line nr="39" mi="0" ci="13" mb="0" cb="0"/><line nr="49" mi="0" ci="3" mb="0" cb="0"/><line nr="50" mi="0" ci="3" mb="0" cb="2"/><line nr="51" mi="0" ci="3" mb="0" cb="0"/><line nr="52" mi="0" ci="7" mb="0" cb="0"/><line nr="55" mi="0" ci="3" mb="0" cb="0"/><line nr="65" mi="0" ci="2" mb="0" cb="0"/><line nr="66" mi="0" ci="3" mb="0" cb="0"/><line nr="67" mi="0" ci="7" mb="0" cb="2"/><line nr="68" mi="0" ci="3" mb="0" cb="0"/><line nr="72" mi="0" ci="2" mb="0" cb="0"/><line nr="82" mi="0" ci="3" mb="0" cb="0"/><line nr="83" mi="0" ci="3" mb="0" cb="0"/><line nr="84" mi="0" ci="4" mb="0" cb="2"/><line nr="85" mi="0" ci="4" mb="0" cb="0"/><line nr="87" mi="0" ci="6" mb="0" cb="0"/><line nr="89" mi="0" ci="1" mb="0" cb="0"/><line nr="97" mi="0" ci="3" mb="0" cb="0"/><line nr="106" mi="0" ci="3" mb="0" cb="0"/><line nr="107" mi="0" ci="1" mb="0" cb="0"/><line nr="116" mi="0" ci="3" mb="0" cb="0"/><line nr="125" mi="0" ci="3" mb="0" cb="0"/><line nr="126" mi="0" ci="1" mb="0" cb="0"/><line nr="134" mi="0" ci="3" mb="0" cb="0"/><line nr="146" mi="9" ci="0" mb="0" cb="0"/><line nr="158" mi="0" ci="6" mb="0" cb="0"/><line nr="171" mi="0" ci="2" mb="0" cb="2"/><line nr="172" mi="0" ci="2" mb="0" cb="0"/><line nr="174" mi="0" ci="5" mb="0" cb="2"/><line nr="175" mi="0" ci="2" mb="0" cb="0"/><line nr="178" mi="0" ci="3" mb="0" cb="0"/><line nr="180" mi="0" ci="6" mb="1" cb="1"/><line nr="181" mi="2" ci="0" mb="0" cb="0"/><line nr="184" mi="0" ci="5" mb="1" cb="1"/><line nr="185" mi="2" ci="0" mb="0" cb="0"/><line nr="188" mi="1" ci="8" mb="1" cb="1"/><counter type="INSTRUCTION" missed="14" covered="138"/><counter type="BRANCH" missed="3" covered="13"/><counter type="LINE" missed="3" covered="38"/><counter type="COMPLEXITY" missed="4" covered="17"/><counter type="METHOD" missed="1" covered="12"/><counter type="CLASS" missed="0" covered="1"/></sourcefile><sourcefile name="Main.java"><line nr="14" mi="3" ci="0" mb="0" cb="0"/><line nr="23" mi="0" ci="7" mb="0" cb="0"/><line nr="24" mi="0" ci="7" mb="0" cb="0"/><line nr="25" mi="0" ci="7" mb="0" cb="0"/><line nr="26" mi="0" ci="5" mb="0" cb="0"/><line nr="29" mi="0" ci="7" mb="0" cb="2"/><line nr="31" mi="0" ci="3" mb="0" cb="0"/><line nr="32" mi="0" ci="4" mb="0" cb="0"/><line nr="33" mi="0" ci="7" mb="0" cb="0"/><line nr="34" mi="0" ci="3" mb="0" cb="0"/><line nr="36" mi="0" ci="3" mb="0" cb="0"/><line nr="37" mi="0" ci="3" mb="0" cb="0"/><line nr="39" mi="0" ci="4" mb="0" cb="0"/><line nr="40" mi="0" ci="1" mb="0" cb="0"/><line nr="41" mi="0" ci="5" mb="0" cb="0"/><line nr="42" mi="0" ci="1" mb="0" cb="0"/><line nr="43" mi="0" ci="1" mb="0" cb="0"/><counter type="INSTRUCTION" missed="3" covered="68"/><counter type="BRANCH" missed="0" covered="2"/><counter type="LINE" missed="1" covered="16"/><counter type="COMPLEXITY" missed="1" covered="2"/><counter type="METHOD" missed="1" covered="1"/><counter type="CLASS" missed="0" covered="1"/></sourcefile><counter type="INSTRUCTION" missed="17" covered="206"/><counter type="BRANCH" missed="3" covered="15"/><counter type="LINE" missed="4" covered="54"/><counter type="COMPLEXITY" missed="5" covered="19"/><counter type="METHOD" missed="2" covered="13"/><counter type="CLASS" missed="0" covered="2"/></package><counter type="INSTRUCTION" missed="17" covered="206"/><counter type="BRANCH" missed="3" covered="15"/><counter type="LINE" missed="4" covered="54"/><counter type="COMPLEXITY" missed="5" covered="19"/><counter type="METHOD" missed="2" covered="13"/><counter type="CLASS" missed="0" covered="2"/></report>